<?xml version="1.0" encoding="UTF-8"?>
<testng-results skipped="0" failed="0" ignored="0" total="1" passed="1">
  <reporter-output>
  </reporter-output>
  <suite name="Default suite" duration-ms="9160" started-at="2019-09-02T05:25:55Z" finished-at="2019-09-02T05:26:05Z">
    <groups>
    </groups>
    <test name="Default test" duration-ms="9160" started-at="2019-09-02T05:25:55Z" finished-at="2019-09-02T05:26:05Z">
      <class name="Test.Test1">
        <test-method status="PASS" signature="setUp()[pri:0, instance:Test.Test1@4dfa3a9d]" name="setUp" is-config="true" duration-ms="8663" started-at="2019-09-02T10:55:55Z" finished-at="2019-09-02T10:56:04Z">
          <reporter-output>
          </reporter-output>
        </test-method> <!-- setUp -->
        <test-method status="PASS" signature="loginTest()[pri:1, instance:Test.Test1@4dfa3a9d]" name="loginTest" duration-ms="467" started-at="2019-09-02T10:56:04Z" finished-at="2019-09-02T10:56:05Z">
          <reporter-output>
          </reporter-output>
        </test-method> <!-- loginTest -->
      </class> <!-- Test.Test1 -->
    </test> <!-- Default test -->
  </suite> <!-- Default suite -->
</testng-results>
